running egg_info
creating ../../build/driving_swarm_sliding_tiles/driving_swarm_sliding_tiles.egg-info
writing ../../build/driving_swarm_sliding_tiles/driving_swarm_sliding_tiles.egg-info/PKG-INFO
writing dependency_links to ../../build/driving_swarm_sliding_tiles/driving_swarm_sliding_tiles.egg-info/dependency_links.txt
writing entry points to ../../build/driving_swarm_sliding_tiles/driving_swarm_sliding_tiles.egg-info/entry_points.txt
writing requirements to ../../build/driving_swarm_sliding_tiles/driving_swarm_sliding_tiles.egg-info/requires.txt
writing top-level names to ../../build/driving_swarm_sliding_tiles/driving_swarm_sliding_tiles.egg-info/top_level.txt
writing manifest file '../../build/driving_swarm_sliding_tiles/driving_swarm_sliding_tiles.egg-info/SOURCES.txt'
reading manifest file '../../build/driving_swarm_sliding_tiles/driving_swarm_sliding_tiles.egg-info/SOURCES.txt'
writing manifest file '../../build/driving_swarm_sliding_tiles/driving_swarm_sliding_tiles.egg-info/SOURCES.txt'
running build
running build_py
creating /home/roemi/driving_swarm_sliding_tiles/build/driving_swarm_sliding_tiles/build
creating /home/roemi/driving_swarm_sliding_tiles/build/driving_swarm_sliding_tiles/build/lib
creating /home/roemi/driving_swarm_sliding_tiles/build/driving_swarm_sliding_tiles/build/lib/driving_swarm_sliding_tiles
copying driving_swarm_sliding_tiles/pathfinding.py -> /home/roemi/driving_swarm_sliding_tiles/build/driving_swarm_sliding_tiles/build/lib/driving_swarm_sliding_tiles
copying driving_swarm_sliding_tiles/geometry.py -> /home/roemi/driving_swarm_sliding_tiles/build/driving_swarm_sliding_tiles/build/lib/driving_swarm_sliding_tiles
copying driving_swarm_sliding_tiles/planner.py -> /home/roemi/driving_swarm_sliding_tiles/build/driving_swarm_sliding_tiles/build/lib/driving_swarm_sliding_tiles
copying driving_swarm_sliding_tiles/__init__.py -> /home/roemi/driving_swarm_sliding_tiles/build/driving_swarm_sliding_tiles/build/lib/driving_swarm_sliding_tiles
running install
running install_lib
creating /home/roemi/driving_swarm_sliding_tiles/install/driving_swarm_sliding_tiles/lib/python3.8/site-packages/driving_swarm_sliding_tiles
copying /home/roemi/driving_swarm_sliding_tiles/build/driving_swarm_sliding_tiles/build/lib/driving_swarm_sliding_tiles/pathfinding.py -> /home/roemi/driving_swarm_sliding_tiles/install/driving_swarm_sliding_tiles/lib/python3.8/site-packages/driving_swarm_sliding_tiles
copying /home/roemi/driving_swarm_sliding_tiles/build/driving_swarm_sliding_tiles/build/lib/driving_swarm_sliding_tiles/geometry.py -> /home/roemi/driving_swarm_sliding_tiles/install/driving_swarm_sliding_tiles/lib/python3.8/site-packages/driving_swarm_sliding_tiles
copying /home/roemi/driving_swarm_sliding_tiles/build/driving_swarm_sliding_tiles/build/lib/driving_swarm_sliding_tiles/planner.py -> /home/roemi/driving_swarm_sliding_tiles/install/driving_swarm_sliding_tiles/lib/python3.8/site-packages/driving_swarm_sliding_tiles
copying /home/roemi/driving_swarm_sliding_tiles/build/driving_swarm_sliding_tiles/build/lib/driving_swarm_sliding_tiles/__init__.py -> /home/roemi/driving_swarm_sliding_tiles/install/driving_swarm_sliding_tiles/lib/python3.8/site-packages/driving_swarm_sliding_tiles
byte-compiling /home/roemi/driving_swarm_sliding_tiles/install/driving_swarm_sliding_tiles/lib/python3.8/site-packages/driving_swarm_sliding_tiles/pathfinding.py to pathfinding.cpython-38.pyc
byte-compiling /home/roemi/driving_swarm_sliding_tiles/install/driving_swarm_sliding_tiles/lib/python3.8/site-packages/driving_swarm_sliding_tiles/geometry.py to geometry.cpython-38.pyc
byte-compiling /home/roemi/driving_swarm_sliding_tiles/install/driving_swarm_sliding_tiles/lib/python3.8/site-packages/driving_swarm_sliding_tiles/planner.py to planner.cpython-38.pyc
byte-compiling /home/roemi/driving_swarm_sliding_tiles/install/driving_swarm_sliding_tiles/lib/python3.8/site-packages/driving_swarm_sliding_tiles/__init__.py to __init__.cpython-38.pyc
running install_data
creating /home/roemi/driving_swarm_sliding_tiles/install/driving_swarm_sliding_tiles/share/ament_index
creating /home/roemi/driving_swarm_sliding_tiles/install/driving_swarm_sliding_tiles/share/ament_index/resource_index
creating /home/roemi/driving_swarm_sliding_tiles/install/driving_swarm_sliding_tiles/share/ament_index/resource_index/packages
copying resource/driving_swarm_sliding_tiles -> /home/roemi/driving_swarm_sliding_tiles/install/driving_swarm_sliding_tiles/share/ament_index/resource_index/packages
copying package.xml -> /home/roemi/driving_swarm_sliding_tiles/install/driving_swarm_sliding_tiles/share/driving_swarm_sliding_tiles
running install_egg_info
Copying ../../build/driving_swarm_sliding_tiles/driving_swarm_sliding_tiles.egg-info to /home/roemi/driving_swarm_sliding_tiles/install/driving_swarm_sliding_tiles/lib/python3.8/site-packages/driving_swarm_sliding_tiles-0.0.0-py3.8.egg-info
running install_scripts
Installing planner script to /home/roemi/driving_swarm_sliding_tiles/install/driving_swarm_sliding_tiles/lib/driving_swarm_sliding_tiles
writing list of installed files to '/home/roemi/driving_swarm_sliding_tiles/build/driving_swarm_sliding_tiles/install.log'
