[0.170s] Invoking command in '/home/roemi/driving_swarm_sliding_tiles/src/driving_swarm_sliding_tiles': PYTHONPATH=/home/roemi/driving_swarm_sliding_tiles/install/driving_swarm_sliding_tiles/lib/python3.8/site-packages:${PYTHONPATH} /usr/bin/python3 setup.py egg_info --egg-base ../../build/driving_swarm_sliding_tiles build --build-base /home/roemi/driving_swarm_sliding_tiles/build/driving_swarm_sliding_tiles/build install --prefix /home/roemi/driving_swarm_sliding_tiles/install/driving_swarm_sliding_tiles --record /home/roemi/driving_swarm_sliding_tiles/build/driving_swarm_sliding_tiles/install.log --single-version-externally-managed
[0.315s] running egg_info
[0.315s] creating ../../build/driving_swarm_sliding_tiles/driving_swarm_sliding_tiles.egg-info
[0.315s] writing ../../build/driving_swarm_sliding_tiles/driving_swarm_sliding_tiles.egg-info/PKG-INFO
[0.315s] writing dependency_links to ../../build/driving_swarm_sliding_tiles/driving_swarm_sliding_tiles.egg-info/dependency_links.txt
[0.316s] writing entry points to ../../build/driving_swarm_sliding_tiles/driving_swarm_sliding_tiles.egg-info/entry_points.txt
[0.316s] writing requirements to ../../build/driving_swarm_sliding_tiles/driving_swarm_sliding_tiles.egg-info/requires.txt
[0.316s] writing top-level names to ../../build/driving_swarm_sliding_tiles/driving_swarm_sliding_tiles.egg-info/top_level.txt
[0.318s] writing manifest file '../../build/driving_swarm_sliding_tiles/driving_swarm_sliding_tiles.egg-info/SOURCES.txt'
[0.350s] reading manifest file '../../build/driving_swarm_sliding_tiles/driving_swarm_sliding_tiles.egg-info/SOURCES.txt'
[0.350s] writing manifest file '../../build/driving_swarm_sliding_tiles/driving_swarm_sliding_tiles.egg-info/SOURCES.txt'
[0.350s] running build
[0.350s] running build_py
[0.351s] creating /home/roemi/driving_swarm_sliding_tiles/build/driving_swarm_sliding_tiles/build
[0.351s] creating /home/roemi/driving_swarm_sliding_tiles/build/driving_swarm_sliding_tiles/build/lib
[0.351s] creating /home/roemi/driving_swarm_sliding_tiles/build/driving_swarm_sliding_tiles/build/lib/driving_swarm_sliding_tiles
[0.351s] copying driving_swarm_sliding_tiles/pathfinding.py -> /home/roemi/driving_swarm_sliding_tiles/build/driving_swarm_sliding_tiles/build/lib/driving_swarm_sliding_tiles
[0.354s] copying driving_swarm_sliding_tiles/geometry.py -> /home/roemi/driving_swarm_sliding_tiles/build/driving_swarm_sliding_tiles/build/lib/driving_swarm_sliding_tiles
[0.355s] copying driving_swarm_sliding_tiles/planner.py -> /home/roemi/driving_swarm_sliding_tiles/build/driving_swarm_sliding_tiles/build/lib/driving_swarm_sliding_tiles
[0.355s] copying driving_swarm_sliding_tiles/__init__.py -> /home/roemi/driving_swarm_sliding_tiles/build/driving_swarm_sliding_tiles/build/lib/driving_swarm_sliding_tiles
[0.355s] running install
[0.356s] running install_lib
[0.357s] creating /home/roemi/driving_swarm_sliding_tiles/install/driving_swarm_sliding_tiles/lib/python3.8/site-packages/driving_swarm_sliding_tiles
[0.357s] copying /home/roemi/driving_swarm_sliding_tiles/build/driving_swarm_sliding_tiles/build/lib/driving_swarm_sliding_tiles/pathfinding.py -> /home/roemi/driving_swarm_sliding_tiles/install/driving_swarm_sliding_tiles/lib/python3.8/site-packages/driving_swarm_sliding_tiles
[0.357s] copying /home/roemi/driving_swarm_sliding_tiles/build/driving_swarm_sliding_tiles/build/lib/driving_swarm_sliding_tiles/geometry.py -> /home/roemi/driving_swarm_sliding_tiles/install/driving_swarm_sliding_tiles/lib/python3.8/site-packages/driving_swarm_sliding_tiles
[0.357s] copying /home/roemi/driving_swarm_sliding_tiles/build/driving_swarm_sliding_tiles/build/lib/driving_swarm_sliding_tiles/planner.py -> /home/roemi/driving_swarm_sliding_tiles/install/driving_swarm_sliding_tiles/lib/python3.8/site-packages/driving_swarm_sliding_tiles
[0.358s] copying /home/roemi/driving_swarm_sliding_tiles/build/driving_swarm_sliding_tiles/build/lib/driving_swarm_sliding_tiles/__init__.py -> /home/roemi/driving_swarm_sliding_tiles/install/driving_swarm_sliding_tiles/lib/python3.8/site-packages/driving_swarm_sliding_tiles
[0.358s] byte-compiling /home/roemi/driving_swarm_sliding_tiles/install/driving_swarm_sliding_tiles/lib/python3.8/site-packages/driving_swarm_sliding_tiles/pathfinding.py to pathfinding.cpython-38.pyc
[0.362s] byte-compiling /home/roemi/driving_swarm_sliding_tiles/install/driving_swarm_sliding_tiles/lib/python3.8/site-packages/driving_swarm_sliding_tiles/geometry.py to geometry.cpython-38.pyc
[0.364s] byte-compiling /home/roemi/driving_swarm_sliding_tiles/install/driving_swarm_sliding_tiles/lib/python3.8/site-packages/driving_swarm_sliding_tiles/planner.py to planner.cpython-38.pyc
[0.364s] byte-compiling /home/roemi/driving_swarm_sliding_tiles/install/driving_swarm_sliding_tiles/lib/python3.8/site-packages/driving_swarm_sliding_tiles/__init__.py to __init__.cpython-38.pyc
[0.364s] running install_data
[0.365s] creating /home/roemi/driving_swarm_sliding_tiles/install/driving_swarm_sliding_tiles/share/ament_index
[0.365s] creating /home/roemi/driving_swarm_sliding_tiles/install/driving_swarm_sliding_tiles/share/ament_index/resource_index
[0.365s] creating /home/roemi/driving_swarm_sliding_tiles/install/driving_swarm_sliding_tiles/share/ament_index/resource_index/packages
[0.365s] copying resource/driving_swarm_sliding_tiles -> /home/roemi/driving_swarm_sliding_tiles/install/driving_swarm_sliding_tiles/share/ament_index/resource_index/packages
[0.365s] copying package.xml -> /home/roemi/driving_swarm_sliding_tiles/install/driving_swarm_sliding_tiles/share/driving_swarm_sliding_tiles
[0.365s] running install_egg_info
[0.367s] Copying ../../build/driving_swarm_sliding_tiles/driving_swarm_sliding_tiles.egg-info to /home/roemi/driving_swarm_sliding_tiles/install/driving_swarm_sliding_tiles/lib/python3.8/site-packages/driving_swarm_sliding_tiles-0.0.0-py3.8.egg-info
[0.367s] running install_scripts
[0.382s] Installing planner script to /home/roemi/driving_swarm_sliding_tiles/install/driving_swarm_sliding_tiles/lib/driving_swarm_sliding_tiles
[0.382s] writing list of installed files to '/home/roemi/driving_swarm_sliding_tiles/build/driving_swarm_sliding_tiles/install.log'
[0.395s] Invoked command in '/home/roemi/driving_swarm_sliding_tiles/src/driving_swarm_sliding_tiles' returned '0': PYTHONPATH=/home/roemi/driving_swarm_sliding_tiles/install/driving_swarm_sliding_tiles/lib/python3.8/site-packages:${PYTHONPATH} /usr/bin/python3 setup.py egg_info --egg-base ../../build/driving_swarm_sliding_tiles build --build-base /home/roemi/driving_swarm_sliding_tiles/build/driving_swarm_sliding_tiles/build install --prefix /home/roemi/driving_swarm_sliding_tiles/install/driving_swarm_sliding_tiles --record /home/roemi/driving_swarm_sliding_tiles/build/driving_swarm_sliding_tiles/install.log --single-version-externally-managed
