[0.178s] Invoking command in '/home/roemi/driving_swarm_sliding_tiles/src/driving_swarm_sliding_tiles': PYTHONPATH=/home/roemi/driving_swarm_sliding_tiles/install/driving_swarm_sliding_tiles/lib/python3.8/site-packages:${PYTHONPATH} /usr/bin/python3 setup.py egg_info --egg-base ../../build/driving_swarm_sliding_tiles build --build-base /home/roemi/driving_swarm_sliding_tiles/build/driving_swarm_sliding_tiles/build install --prefix /home/roemi/driving_swarm_sliding_tiles/install/driving_swarm_sliding_tiles --record /home/roemi/driving_swarm_sliding_tiles/build/driving_swarm_sliding_tiles/install.log --single-version-externally-managed
[0.334s] running egg_info
[0.334s] writing ../../build/driving_swarm_sliding_tiles/driving_swarm_sliding_tiles.egg-info/PKG-INFO
[0.335s] writing dependency_links to ../../build/driving_swarm_sliding_tiles/driving_swarm_sliding_tiles.egg-info/dependency_links.txt
[0.335s] writing entry points to ../../build/driving_swarm_sliding_tiles/driving_swarm_sliding_tiles.egg-info/entry_points.txt
[0.335s] writing requirements to ../../build/driving_swarm_sliding_tiles/driving_swarm_sliding_tiles.egg-info/requires.txt
[0.335s] writing top-level names to ../../build/driving_swarm_sliding_tiles/driving_swarm_sliding_tiles.egg-info/top_level.txt
[0.368s] reading manifest file '../../build/driving_swarm_sliding_tiles/driving_swarm_sliding_tiles.egg-info/SOURCES.txt'
[0.369s] writing manifest file '../../build/driving_swarm_sliding_tiles/driving_swarm_sliding_tiles.egg-info/SOURCES.txt'
[0.369s] running build
[0.369s] running build_py
[0.370s] copying driving_swarm_sliding_tiles/randomizer.py -> /home/roemi/driving_swarm_sliding_tiles/build/driving_swarm_sliding_tiles/build/lib/driving_swarm_sliding_tiles
[0.370s] copying driving_swarm_sliding_tiles/solver.py -> /home/roemi/driving_swarm_sliding_tiles/build/driving_swarm_sliding_tiles/build/lib/driving_swarm_sliding_tiles
[0.370s] copying driving_swarm_sliding_tiles/data_configuration.py -> /home/roemi/driving_swarm_sliding_tiles/build/driving_swarm_sliding_tiles/build/lib/driving_swarm_sliding_tiles
[0.370s] copying driving_swarm_sliding_tiles/planner.py -> /home/roemi/driving_swarm_sliding_tiles/build/driving_swarm_sliding_tiles/build/lib/driving_swarm_sliding_tiles
[0.370s] running install
[0.371s] running install_lib
[0.372s] copying /home/roemi/driving_swarm_sliding_tiles/build/driving_swarm_sliding_tiles/build/lib/driving_swarm_sliding_tiles/randomizer.py -> /home/roemi/driving_swarm_sliding_tiles/install/driving_swarm_sliding_tiles/lib/python3.8/site-packages/driving_swarm_sliding_tiles
[0.373s] copying /home/roemi/driving_swarm_sliding_tiles/build/driving_swarm_sliding_tiles/build/lib/driving_swarm_sliding_tiles/solver.py -> /home/roemi/driving_swarm_sliding_tiles/install/driving_swarm_sliding_tiles/lib/python3.8/site-packages/driving_swarm_sliding_tiles
[0.373s] copying /home/roemi/driving_swarm_sliding_tiles/build/driving_swarm_sliding_tiles/build/lib/driving_swarm_sliding_tiles/data_configuration.py -> /home/roemi/driving_swarm_sliding_tiles/install/driving_swarm_sliding_tiles/lib/python3.8/site-packages/driving_swarm_sliding_tiles
[0.373s] copying /home/roemi/driving_swarm_sliding_tiles/build/driving_swarm_sliding_tiles/build/lib/driving_swarm_sliding_tiles/planner.py -> /home/roemi/driving_swarm_sliding_tiles/install/driving_swarm_sliding_tiles/lib/python3.8/site-packages/driving_swarm_sliding_tiles
[0.373s] byte-compiling /home/roemi/driving_swarm_sliding_tiles/install/driving_swarm_sliding_tiles/lib/python3.8/site-packages/driving_swarm_sliding_tiles/randomizer.py to randomizer.cpython-38.pyc
[0.375s] byte-compiling /home/roemi/driving_swarm_sliding_tiles/install/driving_swarm_sliding_tiles/lib/python3.8/site-packages/driving_swarm_sliding_tiles/solver.py to solver.cpython-38.pyc
[0.376s] byte-compiling /home/roemi/driving_swarm_sliding_tiles/install/driving_swarm_sliding_tiles/lib/python3.8/site-packages/driving_swarm_sliding_tiles/data_configuration.py to data_configuration.cpython-38.pyc
[0.376s] byte-compiling /home/roemi/driving_swarm_sliding_tiles/install/driving_swarm_sliding_tiles/lib/python3.8/site-packages/driving_swarm_sliding_tiles/planner.py to planner.cpython-38.pyc
[0.377s] running install_data
[0.378s] running install_egg_info
[0.380s] removing '/home/roemi/driving_swarm_sliding_tiles/install/driving_swarm_sliding_tiles/lib/python3.8/site-packages/driving_swarm_sliding_tiles-0.0.0-py3.8.egg-info' (and everything under it)
[0.380s] Copying ../../build/driving_swarm_sliding_tiles/driving_swarm_sliding_tiles.egg-info to /home/roemi/driving_swarm_sliding_tiles/install/driving_swarm_sliding_tiles/lib/python3.8/site-packages/driving_swarm_sliding_tiles-0.0.0-py3.8.egg-info
[0.381s] running install_scripts
[0.395s] Installing planner script to /home/roemi/driving_swarm_sliding_tiles/install/driving_swarm_sliding_tiles/lib/driving_swarm_sliding_tiles
[0.395s] writing list of installed files to '/home/roemi/driving_swarm_sliding_tiles/build/driving_swarm_sliding_tiles/install.log'
[0.408s] Invoked command in '/home/roemi/driving_swarm_sliding_tiles/src/driving_swarm_sliding_tiles' returned '0': PYTHONPATH=/home/roemi/driving_swarm_sliding_tiles/install/driving_swarm_sliding_tiles/lib/python3.8/site-packages:${PYTHONPATH} /usr/bin/python3 setup.py egg_info --egg-base ../../build/driving_swarm_sliding_tiles build --build-base /home/roemi/driving_swarm_sliding_tiles/build/driving_swarm_sliding_tiles/build install --prefix /home/roemi/driving_swarm_sliding_tiles/install/driving_swarm_sliding_tiles --record /home/roemi/driving_swarm_sliding_tiles/build/driving_swarm_sliding_tiles/install.log --single-version-externally-managed
